<?xml version="1.0" encoding="UTF-8" ?>
<testsuite tests="3" failures="0" name="com.study.spring.service.impl.UserServiceImplWithJdkDynamicProxyTest" time="0" errors="0" skipped="0">
  <properties>
[...]
</properties>
  <testcase classname="com.study.spring.service.impl.UserServiceImplWithJdkDynamicProxyTest" name="addUser" time="0"/>
  <testcase classname="com.study.spring.service.impl.UserServiceImplWithJdkDynamicProxyTest" name="modifyUser" time="0"/>
  <testcase classname="com.study.spring.service.impl.UserServiceImplWithJdkDynamicProxyTest" name="deleteUser" time="0"/>
</testsuite>